SF:lib/data/model/movie_model.dart
DA:7,4
DA:37,4
DA:38,2
DA:39,2
DA:40,8
DA:41,2
DA:42,2
DA:43,2
DA:44,4
DA:45,2
DA:46,2
DA:47,2
DA:48,2
DA:49,4
DA:50,2
DA:53,2
DA:54,1
DA:55,1
DA:56,4
DA:57,1
DA:58,1
DA:59,1
DA:60,1
DA:61,1
DA:62,1
DA:63,1
DA:64,1
DA:65,1
DA:66,1
DA:69,2
DA:70,2
DA:71,2
DA:72,2
DA:73,2
DA:74,2
DA:75,2
DA:76,2
DA:77,2
DA:78,2
DA:79,2
DA:80,2
DA:81,2
DA:82,2
DA:83,2
DA:87,2
DA:88,2
DA:89,2
DA:90,2
DA:91,2
DA:92,2
DA:93,2
DA:94,2
DA:95,2
DA:96,2
DA:97,2
DA:98,2
DA:99,2
DA:100,2
DA:101,2
LF:59
LH:59
end_of_record
SF:lib/domain/entities/movie.dart
DA:6,8
DA:21,2
DA:42,2
DA:43,2
DA:44,2
DA:45,2
DA:46,2
DA:47,2
DA:48,2
DA:49,2
DA:50,2
DA:51,2
DA:52,2
DA:53,2
DA:54,2
DA:55,2
DA:56,2
LF:17
LH:17
end_of_record
SF:lib/common/exception.dart
DA:10,2
DA:15,2
LF:2
LH:2
end_of_record
SF:lib/common/failure.dart
DA:8,7
DA:10,1
DA:12,2
DA:16,12
DA:20,2
DA:24,6
DA:28,2
LF:7
LH:7
end_of_record
SF:lib/common/network_info.dart
DA:13,0
DA:15,0
DA:17,0
LF:3
LH:0
end_of_record
SF:lib/data/datasources/db/database_helper.dart
DA:8,0
DA:12,0
DA:16,0
DA:18,0
DA:26,0
DA:27,0
DA:28,0
DA:30,0
DA:34,0
DA:35,0
DA:42,0
DA:43,0
DA:51,0
DA:54,0
DA:56,0
DA:57,0
DA:58,0
DA:59,0
DA:60,0
DA:61,0
DA:66,0
DA:67,0
DA:68,0
DA:71,0
DA:77,0
DA:78,0
DA:79,0
DA:82,0
DA:86,0
DA:87,0
DA:88,0
DA:91,0
DA:92,0
DA:93,0
DA:96,0
DA:100,0
DA:101,0
DA:102,0
DA:105,0
DA:108,0
DA:109,0
DA:115,0
DA:116,0
DA:117,0
LF:44
LH:0
end_of_record
SF:lib/data/model/movie_table.dart
DA:15,2
DA:17,2
DA:18,1
DA:19,1
DA:20,1
DA:21,1
DA:24,2
DA:25,1
DA:26,1
DA:27,1
DA:28,1
DA:31,2
DA:32,1
DA:33,1
DA:34,1
DA:35,1
DA:38,0
DA:39,0
DA:40,0
DA:41,0
DA:42,0
DA:45,2
DA:46,1
DA:47,1
DA:48,1
DA:49,1
DA:52,2
DA:54,2
DA:55,2
DA:56,2
DA:57,2
DA:58,2
LF:32
LH:27
end_of_record
SF:lib/data/datasources/local_data_source.dart
DA:21,1
DA:24,1
DA:26,3
DA:29,2
DA:34,1
DA:36,3
DA:39,2
DA:44,1
DA:45,3
DA:47,1
DA:54,1
DA:55,3
DA:56,4
DA:60,1
DA:62,3
DA:63,2
DA:64,4
DA:66,1
DA:71,1
DA:73,3
DA:74,3
LF:21
LH:21
end_of_record
SF:lib/data/datasources/remote_data_source.dart
DA:37,1
DA:41,1
DA:42,5
DA:43,2
DA:44,4
DA:46,1
DA:52,1
DA:53,5
DA:54,2
DA:55,4
DA:57,1
DA:63,1
DA:64,5
DA:65,2
DA:66,3
DA:68,1
DA:73,0
DA:75,0
DA:76,0
DA:77,0
DA:79,0
DA:87,1
DA:88,5
DA:89,2
DA:90,4
DA:92,1
DA:97,1
DA:98,5
DA:99,2
DA:100,2
DA:101,4
DA:103,1
DA:109,1
DA:111,5
DA:113,2
DA:114,4
DA:116,1
DA:122,0
DA:124,0
DA:126,0
DA:127,0
DA:130,0
DA:136,0
DA:138,0
DA:139,0
DA:140,0
DA:142,0
LF:47
LH:32
end_of_record
SF:lib/data/model/movie_detail_model.dart
DA:9,1
DA:55,2
DA:56,1
DA:57,1
DA:58,1
DA:59,5
DA:60,1
DA:61,1
DA:62,1
DA:63,1
DA:64,1
DA:65,1
DA:66,2
DA:67,1
DA:68,1
DA:69,1
DA:70,1
DA:71,1
DA:72,1
DA:73,1
DA:74,1
DA:75,2
DA:76,1
DA:79,0
DA:80,0
DA:81,0
DA:82,0
DA:83,0
DA:84,0
DA:85,0
DA:86,0
DA:87,0
DA:88,0
DA:89,0
DA:90,0
DA:91,0
DA:92,0
DA:93,0
DA:94,0
DA:95,0
DA:96,0
DA:97,0
DA:98,0
DA:99,0
DA:100,0
DA:103,0
DA:104,0
DA:105,0
DA:106,0
DA:107,0
DA:108,0
DA:109,0
DA:110,0
DA:111,0
DA:112,0
DA:113,0
DA:114,0
DA:115,0
DA:116,0
DA:117,0
DA:118,0
DA:119,0
DA:120,0
DA:121,0
DA:122,0
DA:123,0
DA:126,1
DA:128,1
DA:129,1
DA:130,1
DA:131,1
DA:132,1
DA:133,1
DA:134,1
DA:135,1
DA:136,1
DA:137,1
DA:138,1
DA:139,1
DA:140,1
DA:141,1
DA:142,1
DA:143,1
DA:144,1
DA:145,1
DA:146,1
DA:147,1
LF:87
LH:44
end_of_record
SF:lib/data/model/movie_response.dart
DA:10,2
DA:12,4
DA:13,4
DA:14,6
DA:15,6
DA:18,2
DA:19,5
DA:22,1
DA:23,2
LF:9
LH:9
end_of_record
SF:lib/data/model/tv/tv_detail_model.dart
DA:6,0
DA:60,0
DA:61,0
DA:62,0
DA:63,0
DA:64,0
DA:65,0
DA:66,0
DA:67,0
DA:68,0
DA:69,0
DA:70,0
DA:71,0
DA:72,0
DA:73,0
DA:74,0
DA:75,0
DA:76,0
DA:77,0
DA:78,0
DA:79,0
DA:80,0
DA:81,0
DA:82,0
DA:83,0
DA:84,0
DA:87,0
DA:88,0
DA:89,0
DA:90,0
DA:91,0
DA:92,0
DA:93,0
DA:94,0
DA:95,0
DA:96,0
DA:97,0
DA:98,0
DA:99,0
DA:100,0
DA:101,0
DA:102,0
DA:103,0
DA:104,0
DA:105,0
DA:106,0
DA:107,0
DA:108,0
DA:109,0
DA:110,0
DA:111,0
DA:114,0
DA:115,0
DA:117,0
DA:118,0
DA:119,0
DA:120,0
DA:121,0
DA:122,0
DA:123,0
DA:124,0
DA:125,0
DA:126,0
DA:127,0
DA:128,0
DA:129,0
DA:130,0
DA:131,0
DA:132,0
DA:133,0
DA:134,0
DA:135,0
DA:136,0
DA:137,0
DA:138,0
DA:139,0
DA:140,0
DA:144,0
DA:146,0
DA:147,0
DA:148,0
DA:149,0
DA:150,0
DA:151,0
DA:152,0
DA:153,0
DA:154,0
DA:155,0
DA:156,0
DA:157,0
DA:158,0
DA:159,0
DA:160,0
DA:161,0
DA:162,0
DA:163,0
DA:164,0
DA:165,0
DA:166,0
DA:167,0
DA:168,0
DA:169,0
DA:170,0
DA:175,0
DA:191,0
DA:192,0
DA:193,0
DA:194,0
DA:195,0
DA:196,0
DA:197,0
DA:200,0
DA:201,0
DA:202,0
DA:203,0
DA:204,0
DA:205,0
DA:206,0
DA:211,0
DA:219,0
DA:220,0
DA:221,0
DA:224,0
DA:225,0
DA:226,0
DA:231,0
DA:255,0
DA:256,0
DA:257,0
DA:258,0
DA:259,0
DA:260,0
DA:261,0
DA:262,0
DA:263,0
DA:264,0
DA:265,0
DA:268,0
DA:269,0
DA:270,0
DA:271,0
DA:272,0
DA:273,0
DA:274,0
DA:275,0
DA:276,0
DA:277,0
DA:278,0
DA:283,0
DA:295,0
DA:296,0
DA:297,0
DA:298,0
DA:299,0
DA:302,0
DA:303,0
DA:304,0
DA:305,0
DA:306,0
DA:311,0
DA:319,0
DA:320,0
DA:321,0
DA:324,0
DA:325,0
DA:326,0
DA:333,0
DA:343,0
DA:344,0
DA:345,0
DA:346,0
DA:349,0
DA:350,0
DA:351,0
DA:352,0
LF:175
LH:0
end_of_record
SF:lib/data/model/tv/tv_model.dart
DA:8,0
DA:36,0
DA:37,0
DA:38,0
DA:39,0
DA:40,0
DA:41,0
DA:42,0
DA:43,0
DA:44,0
DA:45,0
DA:46,0
DA:47,0
DA:48,0
DA:51,0
DA:52,0
DA:53,0
DA:54,0
DA:55,0
DA:56,0
DA:57,0
DA:58,0
DA:59,0
DA:60,0
DA:61,0
DA:62,0
DA:63,0
DA:67,0
DA:68,0
DA:69,0
DA:70,0
DA:71,0
DA:72,0
DA:73,0
DA:74,0
DA:75,0
DA:76,0
DA:77,0
DA:78,0
DA:79,0
DA:80,0
DA:84,0
DA:86,0
DA:87,0
DA:88,0
DA:89,0
DA:90,0
DA:91,0
DA:92,0
DA:93,0
DA:94,0
DA:95,0
DA:96,0
DA:97,0
DA:98,0
LF:55
LH:0
end_of_record
SF:lib/data/model/tv/tv_response.dart
DA:9,0
DA:11,0
DA:12,0
DA:13,0
DA:14,0
DA:18,0
DA:19,0
DA:22,0
DA:24,0
DA:25,0
LF:10
LH:0
end_of_record
SF:lib/data/model/genre_model.dart
DA:12,1
DA:14,2
DA:15,1
DA:16,1
DA:19,0
DA:20,0
DA:21,0
DA:24,0
DA:26,1
DA:27,3
LF:10
LH:6
end_of_record
SF:lib/domain/entities/genre.dart
DA:8,6
DA:12,0
DA:13,0
DA:14,0
LF:4
LH:1
end_of_record
SF:lib/domain/entities/movie_detail.dart
DA:8,6
DA:55,0
DA:56,0
DA:57,0
DA:58,0
DA:59,0
DA:60,0
DA:61,0
DA:62,0
DA:63,0
DA:64,0
DA:65,0
DA:66,0
DA:67,0
DA:68,0
DA:69,0
DA:70,0
DA:71,0
DA:72,0
DA:73,0
DA:74,0
DA:75,0
DA:76,0
DA:77,0
LF:24
LH:1
end_of_record
SF:lib/domain/entities/tv/tv_detail.dart
DA:10,0
DA:62,0
DA:64,0
DA:65,0
DA:66,0
DA:67,0
DA:68,0
DA:69,0
DA:70,0
DA:71,0
DA:72,0
DA:73,0
DA:74,0
DA:75,0
DA:76,0
DA:77,0
DA:78,0
DA:79,0
DA:80,0
DA:81,0
DA:82,0
DA:83,0
DA:84,0
DA:85,0
DA:86,0
DA:87,0
DA:88,0
LF:27
LH:0
end_of_record
SF:lib/domain/entities/tv/tv.dart
DA:7,0
DA:36,0
DA:38,0
DA:39,0
DA:40,0
DA:41,0
DA:42,0
DA:43,0
DA:44,0
DA:45,0
DA:46,0
DA:47,0
DA:48,0
DA:49,0
DA:50,0
LF:15
LH:0
end_of_record
SF:lib/data/repositories/movie_repository_impl.dart
DA:22,1
DA:31,1
DA:33,3
DA:35,3
DA:36,6
DA:37,5
DA:38,1
DA:39,2
DA:40,0
DA:41,0
DA:45,3
DA:46,5
DA:47,1
DA:48,3
DA:55,0
DA:58,0
DA:59,0
DA:60,0
DA:61,0
DA:62,0
DA:63,0
DA:68,0
DA:70,0
DA:71,0
DA:72,0
DA:73,0
DA:74,0
DA:75,0
DA:80,1
DA:82,3
DA:83,5
DA:84,1
DA:85,2
DA:86,0
DA:87,0
DA:92,1
DA:94,3
DA:95,5
DA:96,1
DA:97,2
DA:98,0
DA:99,0
DA:104,1
DA:105,3
DA:106,5
DA:110,1
DA:111,3
DA:116,1
DA:118,4
DA:119,1
DA:120,1
DA:121,3
DA:126,1
DA:128,4
DA:129,1
DA:130,1
DA:131,3
DA:138,1
DA:140,3
DA:141,5
DA:142,1
DA:143,2
DA:144,1
DA:145,2
LF:64
LH:44
end_of_record
SF:lib/domain/usecase/get_top_rated_movies.dart
DA:12,1
DA:14,1
DA:15,2
LF:3
LH:3
end_of_record
SF:lib/domain/usecase/save_watchlist.dart
DA:10,1
DA:12,1
DA:13,2
LF:3
LH:3
end_of_record
SF:lib/domain/usecase/get_detail_movie.dart
DA:11,1
DA:13,1
DA:14,2
LF:3
LH:3
end_of_record
SF:lib/domain/usecase/get_watchlist_movies.dart
DA:11,1
DA:13,1
DA:14,2
LF:3
LH:3
end_of_record
SF:lib/domain/usecase/get_now_playing_movies.dart
DA:13,1
DA:15,1
DA:16,2
LF:3
LH:3
end_of_record
SF:lib/domain/usecase/remove_watchlist.dart
DA:9,1
DA:11,1
DA:12,2
LF:3
LH:3
end_of_record
SF:lib/domain/usecase/get_popular_movies.dart
DA:11,1
DA:13,1
DA:14,2
LF:3
LH:3
end_of_record
SF:lib/domain/usecase/get_recommended_movie.dart
DA:10,1
DA:12,1
DA:13,2
LF:3
LH:3
end_of_record
SF:lib/domain/usecase/search_movies.dart
DA:11,1
DA:13,1
DA:14,2
LF:3
LH:3
end_of_record
SF:lib/domain/usecase/get_watchlist_status.dart
DA:7,1
DA:9,1
DA:10,2
LF:3
LH:3
end_of_record
SF:lib/common/state_enum.dart
DA:3,8
LF:1
LH:1
end_of_record
SF:lib/presentation/provider/top_rated_movies_notifier.dart
DA:13,1
DA:16,2
DA:19,2
DA:22,2
DA:24,1
DA:25,1
DA:26,1
DA:28,3
DA:30,2
DA:31,2
DA:32,1
DA:33,1
DA:34,1
DA:35,1
DA:36,1
DA:37,1
LF:16
LH:16
end_of_record
SF:lib/common/constant.dart
DA:18,0
DA:19,3
DA:20,0
DA:21,0
DA:24,0
DA:25,0
DA:26,0
DA:27,0
DA:28,0
LF:9
LH:1
end_of_record
SF:lib/presentation/pages/movies/movie_detail_page.dart
DA:18,2
DA:20,1
DA:21,1
DA:25,1
DA:27,1
DA:28,2
DA:29,5
DA:30,5
DA:34,1
DA:36,1
DA:37,1
DA:38,1
DA:39,2
DA:43,2
DA:44,1
DA:45,1
DA:46,1
DA:48,1
DA:49,1
DA:53,0
DA:66,1
DA:68,1
DA:70,3
DA:71,1
DA:72,1
DA:73,1
DA:74,3
DA:76,1
DA:79,0
DA:81,1
DA:83,1
DA:84,1
DA:85,1
DA:91,1
DA:92,1
DA:93,1
DA:95,1
DA:97,1
DA:99,1
DA:100,3
DA:101,1
DA:102,1
DA:103,1
DA:104,4
DA:106,0
DA:108,2
DA:109,2
DA:110,0
DA:112,1
DA:114,1
DA:115,1
DA:116,1
DA:122,1
DA:124,1
DA:125,1
DA:130,4
DA:131,4
DA:132,1
DA:133,1
DA:134,1
DA:135,3
DA:137,1
DA:140,4
DA:144,2
DA:145,3
DA:147,2
DA:148,1
DA:149,1
DA:150,2
DA:152,2
DA:153,0
DA:154,2
DA:155,1
DA:157,1
DA:159,2
DA:160,0
DA:161,0
DA:162,0
DA:164,0
DA:165,0
DA:166,0
DA:169,0
DA:172,0
DA:174,0
DA:175,0
DA:176,0
DA:179,0
DA:188,0
DA:196,1
DA:198,1
DA:211,1
DA:213,1
DA:216,1
DA:218,0
DA:226,1
DA:228,2
DA:229,3
DA:231,1
DA:234,3
DA:237,1
DA:238,1
DA:239,1
DA:240,1
DA:241,1
DA:243,0
LF:105
LH:85
end_of_record
SF:lib/presentation/provider/movie_detail_notifier.dart
DA:24,1
DA:34,2
DA:37,2
DA:40,2
DA:44,2
DA:46,2
DA:51,2
DA:54,2
DA:57,1
DA:58,1
DA:59,1
DA:61,3
DA:63,3
DA:64,1
DA:65,1
DA:66,1
DA:67,2
DA:68,1
DA:70,1
DA:71,1
DA:72,1
DA:73,1
DA:74,1
DA:75,1
DA:76,1
DA:77,1
DA:78,1
DA:79,2
DA:81,1
DA:82,1
DA:83,1
DA:89,1
DA:90,3
DA:91,2
DA:92,1
DA:93,2
DA:95,1
DA:96,1
DA:98,3
DA:101,1
DA:102,3
DA:103,1
DA:104,1
DA:107,1
DA:108,3
DA:109,2
DA:110,0
DA:111,0
DA:113,1
DA:114,1
DA:116,3
LF:51
LH:49
end_of_record
SF:lib/presentation/pages/movies/top_rated_movies_page.dart
DA:11,2
DA:13,1
DA:14,1
DA:19,1
DA:22,1
DA:23,2
DA:24,2
DA:25,1
DA:28,1
DA:30,1
DA:31,1
DA:32,1
DA:34,1
DA:35,1
DA:36,2
DA:38,2
DA:39,1
DA:40,2
DA:41,0
DA:42,0
DA:43,0
DA:47,1
DA:49,2
LF:23
LH:20
end_of_record
SF:lib/presentation/widgets/card_list.dart
DA:12,0
DA:14,0
DA:16,0
DA:18,0
DA:19,0
DA:20,0
DA:22,0
DA:24,0
DA:25,0
DA:26,0
DA:28,0
DA:30,0
DA:31,0
DA:32,0
DA:37,0
DA:39,0
DA:40,0
DA:41,0
DA:43,0
DA:46,0
LF:20
LH:0
end_of_record
SF:lib/presentation/provider/watchlist_movie_notifier.dart
DA:11,2
DA:14,2
DA:17,2
DA:19,1
DA:22,1
DA:23,1
DA:24,1
DA:26,3
DA:27,1
DA:28,1
DA:29,1
DA:30,2
DA:31,1
DA:33,1
DA:34,1
DA:35,1
DA:36,1
LF:17
LH:17
end_of_record
SF:lib/presentation/provider/movie_list_notifier.dart
DA:14,2
DA:17,2
DA:21,2
DA:24,2
DA:28,2
DA:31,2
DA:35,2
DA:37,1
DA:47,1
DA:48,1
DA:49,1
DA:51,3
DA:52,1
DA:53,1
DA:54,1
DA:55,2
DA:56,1
DA:58,1
DA:59,1
DA:60,1
DA:61,1
DA:66,1
DA:67,1
DA:68,1
DA:70,3
DA:71,1
DA:72,1
DA:73,1
DA:74,2
DA:75,1
DA:77,1
DA:78,1
DA:79,1
DA:80,1
DA:84,1
DA:85,1
DA:86,1
DA:88,3
DA:89,2
DA:90,1
DA:91,2
DA:92,1
DA:93,1
DA:94,1
DA:95,1
DA:96,1
LF:46
LH:46
end_of_record
SF:lib/presentation/provider/popular_movies_notifier.dart
DA:11,1
DA:15,2
DA:19,2
DA:23,2
DA:25,1
DA:26,1
DA:27,1
DA:29,3
DA:30,1
DA:31,1
DA:32,2
DA:33,1
DA:34,1
DA:36,1
DA:37,1
DA:38,1
DA:39,1
LF:17
LH:17
end_of_record
SF:lib/presentation/provider/movie_search_notifier.dart
DA:10,1
DA:14,2
DA:18,2
DA:21,2
DA:23,1
DA:24,1
DA:25,1
DA:27,3
DA:28,1
DA:29,1
DA:30,2
DA:31,1
DA:32,1
DA:34,1
DA:35,1
DA:36,1
DA:37,1
LF:17
LH:17
end_of_record
