SF:lib/common/exception.dart
DA:10,2
DA:15,2
LF:2
LH:2
end_of_record
SF:lib/common/failure.dart
DA:8,7
DA:10,1
DA:12,2
DA:16,12
DA:20,2
DA:24,6
DA:28,2
LF:7
LH:7
end_of_record
SF:lib/data/model/movie_model.dart
DA:11,4
DA:41,4
DA:42,2
DA:43,2
DA:44,8
DA:45,2
DA:46,2
DA:47,2
DA:48,4
DA:49,2
DA:50,2
DA:51,2
DA:52,2
DA:53,4
DA:54,2
DA:57,2
DA:58,1
DA:59,1
DA:60,4
DA:61,1
DA:62,1
DA:63,1
DA:64,1
DA:65,1
DA:66,1
DA:67,1
DA:68,1
DA:69,1
DA:70,1
DA:73,2
DA:74,2
DA:75,2
DA:76,2
DA:77,2
DA:78,2
DA:79,2
DA:80,2
DA:81,2
DA:82,2
DA:83,2
DA:84,2
DA:85,2
DA:86,2
DA:87,2
DA:91,2
DA:92,2
DA:93,2
DA:94,2
DA:95,2
DA:96,2
DA:97,2
DA:98,2
DA:99,2
DA:100,2
DA:101,2
DA:102,2
DA:103,2
DA:104,2
DA:105,2
LF:59
LH:59
end_of_record
SF:lib/data/model/movie_table.dart
DA:15,2
DA:17,2
DA:18,1
DA:19,1
DA:20,1
DA:21,1
DA:24,2
DA:25,1
DA:26,1
DA:27,1
DA:28,1
DA:31,2
DA:32,1
DA:33,1
DA:34,1
DA:35,1
DA:38,0
DA:39,0
DA:40,0
DA:41,0
DA:42,0
DA:45,2
DA:46,1
DA:47,1
DA:48,1
DA:49,1
DA:52,2
DA:54,2
DA:55,2
DA:56,2
DA:57,2
DA:58,2
LF:32
LH:27
end_of_record
SF:lib/data/repositories/movie_repository_impl.dart
DA:23,1
DA:32,1
DA:35,3
DA:37,3
DA:38,6
DA:39,5
DA:40,1
DA:41,2
DA:42,0
DA:43,0
DA:47,3
DA:48,5
DA:49,1
DA:50,3
DA:57,0
DA:60,0
DA:61,0
DA:62,0
DA:63,0
DA:64,0
DA:65,0
DA:70,0
DA:72,0
DA:73,0
DA:74,0
DA:75,0
DA:76,0
DA:77,0
DA:82,1
DA:84,3
DA:85,5
DA:86,1
DA:87,2
DA:88,0
DA:89,0
DA:96,1
DA:98,3
DA:99,5
DA:100,1
DA:101,2
DA:102,0
DA:103,0
DA:108,1
DA:109,3
DA:110,5
DA:114,1
DA:115,3
DA:120,1
DA:122,4
DA:123,1
DA:124,1
DA:125,3
DA:130,1
DA:132,4
DA:133,1
DA:134,1
DA:135,3
DA:142,1
DA:144,3
DA:145,5
DA:146,1
DA:147,2
DA:148,1
DA:149,2
LF:64
LH:44
end_of_record
SF:lib/domain/entities/movie.dart
DA:10,8
DA:25,2
DA:46,2
DA:47,2
DA:48,2
DA:49,2
DA:50,2
DA:51,2
DA:52,2
DA:53,2
DA:54,2
DA:55,2
DA:56,2
DA:57,2
DA:58,2
DA:59,2
DA:60,2
LF:17
LH:17
end_of_record
SF:lib/domain/entities/genre.dart
DA:8,6
DA:12,0
DA:13,0
DA:14,0
LF:4
LH:1
end_of_record
SF:lib/domain/entities/movie_detail.dart
DA:13,6
DA:60,0
DA:61,0
DA:62,0
DA:63,0
DA:64,0
DA:65,0
DA:66,0
DA:67,0
DA:68,0
DA:69,0
DA:70,0
DA:71,0
DA:72,0
DA:73,0
DA:74,0
DA:75,0
DA:76,0
DA:77,0
DA:78,0
DA:79,0
DA:80,0
DA:81,0
DA:82,0
LF:24
LH:1
end_of_record
SF:lib/common/network_info.dart
DA:13,0
DA:15,0
DA:18,0
LF:3
LH:0
end_of_record
SF:lib/data/datasources/db/database_helper.dart
DA:8,0
DA:12,0
DA:16,0
DA:18,0
DA:26,0
DA:27,0
DA:28,0
DA:30,0
DA:34,0
DA:35,0
DA:42,0
DA:43,0
DA:51,0
DA:54,0
DA:56,0
DA:57,0
DA:58,0
DA:59,0
DA:60,0
DA:61,0
DA:66,0
DA:67,0
DA:68,0
DA:71,0
DA:77,0
DA:78,0
DA:79,0
DA:82,0
DA:86,0
DA:87,0
DA:88,0
DA:91,0
DA:92,0
DA:93,0
DA:96,0
DA:100,0
DA:101,0
DA:102,0
DA:105,0
DA:108,0
DA:109,0
DA:115,0
DA:116,0
DA:117,0
LF:44
LH:0
end_of_record
SF:lib/data/datasources/local_data_source.dart
DA:21,1
DA:24,1
DA:26,3
DA:29,2
DA:34,1
DA:36,3
DA:39,2
DA:44,1
DA:45,3
DA:47,1
DA:54,1
DA:55,3
DA:56,4
DA:60,1
DA:62,3
DA:63,2
DA:64,4
DA:66,1
DA:71,1
DA:73,3
DA:74,3
LF:21
LH:21
end_of_record
SF:lib/data/datasources/remote_data_source.dart
DA:26,1
DA:30,1
DA:31,5
DA:32,2
DA:33,4
DA:35,1
DA:41,1
DA:42,5
DA:43,2
DA:44,3
DA:46,1
DA:52,1
DA:53,5
DA:54,2
DA:55,4
DA:57,1
DA:61,1
DA:62,5
DA:63,2
DA:64,2
DA:65,4
DA:67,1
DA:72,1
DA:73,5
DA:74,2
DA:75,4
DA:77,1
DA:82,1
DA:84,5
DA:86,2
DA:87,4
DA:89,1
LF:32
LH:32
end_of_record
SF:lib/data/model/movie_detail_model.dart
DA:14,1
DA:60,2
DA:61,1
DA:62,1
DA:63,1
DA:64,5
DA:65,1
DA:66,1
DA:67,1
DA:68,1
DA:69,1
DA:70,1
DA:71,2
DA:72,1
DA:73,1
DA:74,1
DA:75,1
DA:76,1
DA:77,1
DA:78,1
DA:79,1
DA:80,2
DA:81,1
DA:84,0
DA:85,0
DA:86,0
DA:87,0
DA:88,0
DA:89,0
DA:90,0
DA:91,0
DA:92,0
DA:93,0
DA:94,0
DA:95,0
DA:96,0
DA:97,0
DA:98,0
DA:99,0
DA:100,0
DA:101,0
DA:102,0
DA:103,0
DA:104,0
DA:105,0
DA:108,0
DA:109,0
DA:110,0
DA:111,0
DA:112,0
DA:113,0
DA:114,0
DA:115,0
DA:116,0
DA:117,0
DA:118,0
DA:119,0
DA:120,0
DA:121,0
DA:122,0
DA:123,0
DA:124,0
DA:125,0
DA:126,0
DA:127,0
DA:128,0
DA:131,1
DA:133,1
DA:134,1
DA:135,1
DA:136,1
DA:137,1
DA:138,1
DA:139,1
DA:140,1
DA:141,1
DA:142,1
DA:143,1
DA:144,1
DA:145,1
DA:146,1
DA:147,1
DA:148,1
DA:149,1
DA:150,1
DA:151,1
DA:152,1
LF:87
LH:44
end_of_record
SF:lib/data/model/movie_response.dart
DA:10,2
DA:12,4
DA:13,4
DA:14,6
DA:15,6
DA:18,2
DA:19,5
DA:22,1
DA:23,2
LF:9
LH:9
end_of_record
SF:lib/data/model/genre_model.dart
DA:13,1
DA:15,2
DA:16,1
DA:17,1
DA:20,0
DA:21,0
DA:22,0
DA:25,0
DA:27,1
DA:28,3
LF:10
LH:6
end_of_record
SF:lib/domain/usecase/get_top_rated_movies.dart
DA:12,1
DA:14,1
DA:15,2
LF:3
LH:3
end_of_record
SF:lib/common/constant.dart
DA:19,0
DA:20,3
DA:21,0
DA:22,0
DA:25,0
DA:26,0
DA:27,0
DA:28,0
DA:29,0
LF:9
LH:1
end_of_record
SF:lib/common/state_enum.dart
DA:3,15
LF:1
LH:1
end_of_record
SF:lib/domain/usecase/get_detail_movie.dart
DA:11,1
DA:13,1
DA:14,2
LF:3
LH:3
end_of_record
SF:lib/domain/usecase/get_recommended_movie.dart
DA:10,1
DA:12,1
DA:13,2
LF:3
LH:3
end_of_record
SF:lib/domain/usecase/get_watchlist_movies.dart
DA:11,1
DA:13,1
DA:14,2
LF:3
LH:3
end_of_record
SF:lib/domain/usecase/get_watchlist_status.dart
DA:9,1
DA:11,1
DA:12,2
LF:3
LH:3
end_of_record
SF:lib/domain/usecase/remove_watchlist.dart
DA:9,1
DA:11,1
DA:12,2
LF:3
LH:3
end_of_record
SF:lib/domain/usecase/save_watchlist.dart
DA:10,1
DA:12,1
DA:13,2
LF:3
LH:3
end_of_record
SF:lib/presentation/pages/movie_detail_page.dart
DA:19,2
DA:21,1
DA:22,1
DA:26,1
DA:28,1
DA:29,2
DA:30,5
DA:31,5
DA:35,1
DA:37,1
DA:38,1
DA:39,1
DA:40,2
DA:44,2
DA:45,1
DA:46,1
DA:47,1
DA:49,1
DA:50,1
DA:54,0
DA:67,1
DA:69,1
DA:71,3
DA:72,1
DA:73,1
DA:75,1
DA:76,3
DA:78,1
DA:81,0
DA:83,1
DA:85,1
DA:86,1
DA:87,1
DA:93,1
DA:94,1
DA:95,1
DA:97,1
DA:99,1
DA:101,1
DA:102,3
DA:103,1
DA:104,1
DA:105,1
DA:106,4
DA:108,0
DA:110,2
DA:111,2
DA:112,0
DA:114,1
DA:116,1
DA:117,1
DA:118,1
DA:124,1
DA:126,1
DA:127,1
DA:132,4
DA:133,4
DA:134,1
DA:135,1
DA:136,1
DA:137,3
DA:139,1
DA:142,4
DA:146,2
DA:147,3
DA:149,2
DA:150,1
DA:151,1
DA:152,2
DA:154,2
DA:155,0
DA:156,2
DA:157,1
DA:159,1
DA:161,2
DA:162,0
DA:163,0
DA:164,0
DA:166,0
DA:167,0
DA:169,0
DA:172,0
DA:175,0
DA:177,0
DA:178,0
DA:179,0
DA:182,0
DA:191,0
DA:199,1
DA:201,1
DA:214,1
DA:216,1
DA:219,1
DA:221,0
DA:229,1
DA:231,2
DA:232,3
DA:234,1
DA:237,3
DA:240,1
DA:241,1
DA:242,1
DA:243,1
DA:244,1
DA:246,0
LF:105
LH:85
end_of_record
SF:lib/presentation/provider/movie_detail_notifier.dart
DA:25,1
DA:35,2
DA:38,2
DA:41,2
DA:45,2
DA:47,2
DA:52,2
DA:55,2
DA:58,1
DA:59,1
DA:60,1
DA:62,3
DA:64,3
DA:65,1
DA:66,1
DA:67,1
DA:68,2
DA:69,1
DA:71,1
DA:72,1
DA:73,1
DA:74,1
DA:75,1
DA:76,1
DA:77,1
DA:78,1
DA:79,1
DA:80,2
DA:82,1
DA:83,1
DA:84,1
DA:90,1
DA:91,3
DA:92,2
DA:93,1
DA:94,2
DA:96,1
DA:97,1
DA:99,3
DA:102,1
DA:103,3
DA:104,1
DA:105,1
DA:108,1
DA:109,3
DA:110,2
DA:111,0
DA:112,0
DA:114,1
DA:115,1
DA:117,3
LF:51
LH:49
end_of_record
SF:lib/presentation/pages/top_rated_movies_page.dart
DA:11,2
DA:13,1
DA:14,1
DA:19,1
DA:22,1
DA:23,2
DA:24,2
DA:25,1
DA:28,1
DA:30,1
DA:31,2
DA:32,1
DA:34,1
DA:35,1
DA:36,2
DA:38,2
DA:39,1
DA:40,2
DA:41,0
DA:42,0
DA:43,0
DA:47,1
DA:48,1
DA:49,2
LF:24
LH:21
end_of_record
SF:lib/presentation/provider/top_rated_movies_notifier.dart
DA:13,1
DA:16,2
DA:19,2
DA:22,2
DA:24,1
DA:25,1
DA:26,1
DA:28,3
DA:30,2
DA:31,2
DA:32,1
DA:33,1
DA:34,1
DA:35,1
DA:36,1
DA:37,1
LF:16
LH:16
end_of_record
SF:lib/presentation/widgets/card_list.dart
DA:11,0
DA:13,0
DA:15,0
DA:17,0
DA:18,0
DA:19,0
DA:21,0
DA:23,0
DA:24,0
DA:25,0
DA:27,0
DA:29,0
DA:30,0
DA:31,0
DA:36,0
DA:38,0
DA:39,0
DA:40,0
DA:42,0
DA:45,0
LF:20
LH:0
end_of_record
SF:lib/domain/usecase/get_now_playing_movies.dart
DA:13,1
DA:15,1
DA:16,2
LF:3
LH:3
end_of_record
SF:lib/domain/usecase/get_popular_movies.dart
DA:11,1
DA:13,1
DA:14,2
LF:3
LH:3
end_of_record
SF:lib/domain/usecase/search_movies.dart
DA:11,1
DA:13,1
DA:14,2
LF:3
LH:3
end_of_record
SF:lib/presentation/provider/movie_list_notifier.dart
DA:14,2
DA:17,2
DA:21,2
DA:24,2
DA:28,2
DA:31,2
DA:35,2
DA:37,1
DA:47,1
DA:48,1
DA:49,1
DA:51,3
DA:52,1
DA:53,1
DA:54,1
DA:55,2
DA:56,1
DA:58,1
DA:59,1
DA:60,1
DA:61,1
DA:66,1
DA:67,1
DA:68,1
DA:70,3
DA:71,1
DA:72,1
DA:73,1
DA:74,2
DA:75,1
DA:77,1
DA:78,1
DA:79,1
DA:80,1
DA:84,1
DA:85,1
DA:86,1
DA:88,3
DA:89,2
DA:90,1
DA:91,2
DA:92,1
DA:93,1
DA:94,1
DA:95,1
DA:96,1
LF:46
LH:46
end_of_record
SF:lib/presentation/provider/watchlist_movie_notifier.dart
DA:11,2
DA:14,2
DA:17,2
DA:19,1
DA:22,1
DA:23,1
DA:24,1
DA:26,3
DA:27,1
DA:28,1
DA:29,1
DA:30,2
DA:31,1
DA:33,1
DA:34,1
DA:35,1
DA:36,1
LF:17
LH:17
end_of_record
SF:lib/presentation/provider/popular_movies_notifier.dart
DA:11,1
DA:15,2
DA:19,2
DA:23,2
DA:25,1
DA:26,1
DA:27,1
DA:29,3
DA:30,1
DA:31,1
DA:32,2
DA:33,1
DA:34,1
DA:36,1
DA:37,1
DA:38,1
DA:39,1
LF:17
LH:17
end_of_record
SF:lib/presentation/provider/movie_search_notifier.dart
DA:10,1
DA:14,2
DA:18,2
DA:21,2
DA:23,1
DA:24,1
DA:25,1
DA:27,3
DA:28,1
DA:29,1
DA:30,2
DA:31,1
DA:32,1
DA:34,1
DA:35,1
DA:36,1
DA:37,1
LF:17
LH:17
end_of_record
